{"level":"error"}
{"level":"error"}
{"level":"error"}
{"level":"error"}
{"level":"error"}
{"level":"error"}
{"level":"error"}
{"level":"error","message":"No record found"}
{"level":"error","message":"No record found"}
{"level":"error","message":"No record found"}
{"level":"error"}
{"level":"error"}
{"level":"error","message":{"err":{}}}
{"_message":"users validation failed","errors":{"dateOfBirth":{"kind":"date","message":"Cast to date failed for value \"29-05-2022\" (type string) at path \"dateOfBirth\"","name":"CastError","path":"dateOfBirth","reason":{"actual":false,"code":"ERR_ASSERTION","expected":true,"generatedMessage":true,"operator":"=="},"stringValue":"\"29-05-2022\"","value":"29-05-2022","valueType":"string"}},"level":"error","message":"users validation failed: dateOfBirth: Cast to date failed for value \"29-05-2022\" (type string) at path \"dateOfBirth\"","name":"ValidationError"}
{"_message":"users validation failed","errors":{"dateOfBirth":{"kind":"date","message":"Cast to date failed for value \"Invalid Date\" (type Date) at path \"dateOfBirth\"","name":"CastError","path":"dateOfBirth","reason":{"actual":false,"code":"ERR_ASSERTION","expected":true,"generatedMessage":true,"operator":"=="},"stringValue":"\"Invalid Date\"","value":null,"valueType":"Date"}},"level":"error","message":"users validation failed: dateOfBirth: Cast to date failed for value \"Invalid Date\" (type Date) at path \"dateOfBirth\"","name":"ValidationError"}
{"_message":"users validation failed","errors":{"dateOfBirth":{"kind":"date","message":"Cast to date failed for value \"Invalid Date\" (type Date) at path \"dateOfBirth\"","name":"CastError","path":"dateOfBirth","reason":{"actual":false,"code":"ERR_ASSERTION","expected":true,"generatedMessage":true,"operator":"=="},"stringValue":"\"Invalid Date\"","value":null,"valueType":"Date"}},"level":"error","message":"users validation failed: dateOfBirth: Cast to date failed for value \"Invalid Date\" (type Date) at path \"dateOfBirth\"","name":"ValidationError"}
{"_message":"users validation failed","errors":{"dateOfBirth":{"kind":"date","message":"Cast to date failed for value \"Invalid Date\" (type string) at path \"dateOfBirth\"","name":"CastError","path":"dateOfBirth","reason":{"actual":false,"code":"ERR_ASSERTION","expected":true,"generatedMessage":true,"operator":"=="},"stringValue":"\"Invalid Date\"","value":"Invalid Date","valueType":"string"}},"level":"error","message":"users validation failed: dateOfBirth: Cast to date failed for value \"Invalid Date\" (type string) at path \"dateOfBirth\"","name":"ValidationError"}
{"_message":"users validation failed","errors":{"dateOfBirth":{"kind":"date","message":"Cast to date failed for value \"Invalid Date\" (type string) at path \"dateOfBirth\"","name":"CastError","path":"dateOfBirth","reason":{"actual":false,"code":"ERR_ASSERTION","expected":true,"generatedMessage":true,"operator":"=="},"stringValue":"\"Invalid Date\"","value":"Invalid Date","valueType":"string"}},"level":"error","message":"users validation failed: dateOfBirth: Cast to date failed for value \"Invalid Date\" (type string) at path \"dateOfBirth\"","name":"ValidationError"}
{"_message":"users validation failed","errors":{"dateOfBirth":{"kind":"date","message":"Cast to date failed for value \"Invalid Date\" (type string) at path \"dateOfBirth\"","name":"CastError","path":"dateOfBirth","reason":{"actual":false,"code":"ERR_ASSERTION","expected":true,"generatedMessage":true,"operator":"=="},"stringValue":"\"Invalid Date\"","value":"Invalid Date","valueType":"string"}},"level":"error","message":"users validation failed: dateOfBirth: Cast to date failed for value \"Invalid Date\" (type string) at path \"dateOfBirth\"","name":"ValidationError"}
{"_message":"users validation failed","errors":{"dateOfBirth":{"kind":"date","message":"Cast to date failed for value \"Invalid Date\" (type Date) at path \"dateOfBirth\"","name":"CastError","path":"dateOfBirth","reason":{"actual":false,"code":"ERR_ASSERTION","expected":true,"generatedMessage":true,"operator":"=="},"stringValue":"\"Invalid Date\"","value":null,"valueType":"Date"}},"level":"error","message":"users validation failed: dateOfBirth: Cast to date failed for value \"Invalid Date\" (type Date) at path \"dateOfBirth\"","name":"ValidationError"}
{"_message":"users validation failed","errors":{"dateOfBirth":{"kind":"date","message":"Cast to date failed for value \"Invalid Date\" (type string) at path \"dateOfBirth\"","name":"CastError","path":"dateOfBirth","reason":{"actual":false,"code":"ERR_ASSERTION","expected":true,"generatedMessage":true,"operator":"=="},"stringValue":"\"Invalid Date\"","value":"Invalid Date","valueType":"string"}},"level":"error","message":"users validation failed: dateOfBirth: Cast to date failed for value \"Invalid Date\" (type string) at path \"dateOfBirth\"","name":"ValidationError"}
{"_message":"users validation failed","errors":{"dateOfBirth":{"kind":"date","message":"Cast to date failed for value \"Invalid Date\" (type string) at path \"dateOfBirth\"","name":"CastError","path":"dateOfBirth","reason":{"actual":false,"code":"ERR_ASSERTION","expected":true,"generatedMessage":true,"operator":"=="},"stringValue":"\"Invalid Date\"","value":"Invalid Date","valueType":"string"}},"level":"error","message":"users validation failed: dateOfBirth: Cast to date failed for value \"Invalid Date\" (type string) at path \"dateOfBirth\"","name":"ValidationError"}
{"_message":"users validation failed","errors":{"dateOfBirth":{"kind":"date","message":"Cast to date failed for value \"29-05-2022\" (type string) at path \"dateOfBirth\"","name":"CastError","path":"dateOfBirth","reason":{"actual":false,"code":"ERR_ASSERTION","expected":true,"generatedMessage":true,"operator":"=="},"stringValue":"\"29-05-2022\"","value":"29-05-2022","valueType":"string"}},"level":"error","message":"users validation failed: dateOfBirth: Cast to date failed for value \"29-05-2022\" (type string) at path \"dateOfBirth\"","name":"ValidationError"}
{"code":11000,"insertedDocs":[],"level":"error","result":{"insertedIds":[{"_id":"62bd8e92e860b659f00839ca","index":0},{"_id":"62bd8e92e860b659f00839cb","index":1},{"_id":"62bd8e92e860b659f00839cc","index":2},{"_id":"62bd8e92e860b659f00839cd","index":3},{"_id":"62bd8e92e860b659f00839ce","index":4}],"nInserted":0,"nMatched":0,"nModified":0,"nRemoved":0,"nUpserted":0,"ok":1,"opTime":{"t":245,"ts":{"$timestamp":"7114999739736667144"}},"upserted":[],"writeConcernErrors":[],"writeErrors":[{"code":11000,"errmsg":"E11000 duplicate key error collection: myFirstDatabase.users index: email_1 dup key: { email: \"sunil1@mailinator.com\" }","index":0,"op":{"__v":0,"_id":"62bd8e92e860b659f00839ca","email":"sunil1@mailinator.com","firstName":"Sunil","lastName":"Kumar","phoneNumber":9999998888}}]},"writeErrors":[{"code":11000,"errmsg":"E11000 duplicate key error collection: myFirstDatabase.users index: email_1 dup key: { email: \"sunil1@mailinator.com\" }","index":0,"op":{"__v":0,"_id":"62bd8e92e860b659f00839ca","email":"sunil1@mailinator.com","firstName":"Sunil","lastName":"Kumar","phoneNumber":9999998888}}]}
{"code":11000,"insertedDocs":[],"level":"error","result":{"insertedIds":[{"_id":"62bd8f9f2cc98a7134bcaa54","index":0},{"_id":"62bd8f9f2cc98a7134bcaa55","index":1},{"_id":"62bd8f9f2cc98a7134bcaa56","index":2},{"_id":"62bd8f9f2cc98a7134bcaa57","index":3},{"_id":"62bd8f9f2cc98a7134bcaa58","index":4}],"nInserted":0,"nMatched":0,"nModified":0,"nRemoved":0,"nUpserted":0,"ok":1,"opTime":{"t":245,"ts":{"$timestamp":"7115000899377833941"}},"upserted":[],"writeConcernErrors":[],"writeErrors":[{"code":11000,"errmsg":"E11000 duplicate key error collection: myFirstDatabase.users index: email_1 dup key: { email: \"sunil1@mailinator.com\" }","index":0,"op":{"__v":0,"_id":"62bd8f9f2cc98a7134bcaa54","email":"sunil1@mailinator.com","firstName":"Sunil","isDeleted":false,"lastName":"Kumar","phoneNumber":9999998888}}]},"writeErrors":[{"code":11000,"errmsg":"E11000 duplicate key error collection: myFirstDatabase.users index: email_1 dup key: { email: \"sunil1@mailinator.com\" }","index":0,"op":{"__v":0,"_id":"62bd8f9f2cc98a7134bcaa54","email":"sunil1@mailinator.com","firstName":"Sunil","isDeleted":false,"lastName":"Kumar","phoneNumber":9999998888}}]}
{"level":"error"}
{"level":"error"}
{"level":"error"}
{"level":"error"}
{"level":"error"}
{"level":"error"}
{"level":"error"}
{"level":"error"}
